2019-12-11 21:38:55,988 INFO  main                             - SOFABoot Runtime Starting!
2019-12-11 21:38:58,371 INFO  main                             - Registering component: reference:javax.sql.DataSource:#105664
2019-12-11 21:38:58,372 INFO  main                             -  >>In Binding [jvm] Begins - javax.sql.DataSource.
2019-12-11 21:38:58,375 INFO  main                             -  >>In Binding [jvm] Ends - javax.sql.DataSource.
2019-12-11 21:38:58,377 INFO  main                             - Registering component: reference:com.alipay.sofa.facade.NewsReadService:#414599042
2019-12-11 21:38:58,377 INFO  main                             -  >>In Binding [jvm] Begins - com.alipay.sofa.facade.NewsReadService.
2019-12-11 21:38:58,379 INFO  main                             -  >>In Binding [jvm] Ends - com.alipay.sofa.facade.NewsReadService.
2019-12-11 21:38:58,379 INFO  main                             - Registering component: reference:com.alipay.sofa.facade.NewsWriteService:#414599042
2019-12-11 21:38:58,379 INFO  main                             -  >>In Binding [jvm] Begins - com.alipay.sofa.facade.NewsWriteService.
2019-12-11 21:38:58,380 INFO  main                             -  >>In Binding [jvm] Ends - com.alipay.sofa.facade.NewsWriteService.
2019-12-11 21:38:59,160 INFO  main                             - ++++++++++++++++++ ModelCreatingStage of sofaboot-sample-standard Start +++++++++++++++++
2019-12-11 21:38:59,170 INFO  main                             - ++++++++++++++++++ ModelCreatingStage of sofaboot-sample-standard End +++++++++++++++++
2019-12-11 21:38:59,170 INFO  main                             - ++++++++++++++++++ SpringContextInstallStage of sofaboot-sample-standard Start +++++++++++++++++
2019-12-11 21:38:59,172 INFO  main                             - 
All activated module list(3) >>>>>>>
  ├─ com.alipay.sofa.sample.standard.biz.shared
  ├─ sofaboot-sample-standard-biz-service-impl
  └─ sofaboot-sample-standard-common-dal

Modules that could install(3) >>>>>>>
  ├─ com.alipay.sofa.sample.standard.biz.shared
  ├─ sofaboot-sample-standard-common-dal
  └─ sofaboot-sample-standard-biz-service-impl

2019-12-11 21:38:59,173 INFO  main                             - Start install sofaboot-sample-standards module: com.alipay.sofa.sample.standard.biz.shared
2019-12-11 21:38:59,286 INFO  main                             - Start install sofaboot-sample-standards module: sofaboot-sample-standard-common-dal
2019-12-11 21:38:59,323 INFO  main                             - Start install sofaboot-sample-standards module: sofaboot-sample-standard-biz-service-impl
2019-12-11 21:38:59,359 INFO  sofa-module-start-com.alipay.sofa.sample.standard.biz.shared - Begin refresh Spring Application Context of module com.alipay.sofa.sample.standard.biz.shared of application sofaboot-sample-standard.
2019-12-11 21:38:59,359 INFO  sofa-module-start-sofaboot-sample-standard-common-dal - Begin refresh Spring Application Context of module sofaboot-sample-standard-common-dal of application sofaboot-sample-standard.
2019-12-11 21:38:59,388 INFO  sofa-module-start-com.alipay.sofa.sample.standard.biz.shared - Registering component: reference:com.alipay.sofa.common.dal.dai.NewsManageDao:#414599042
2019-12-11 21:38:59,389 INFO  sofa-module-start-com.alipay.sofa.sample.standard.biz.shared -  >>In Binding [jvm] Begins - com.alipay.sofa.common.dal.dai.NewsManageDao.
2019-12-11 21:38:59,391 INFO  sofa-module-start-com.alipay.sofa.sample.standard.biz.shared -  >>In Binding [jvm] Ends - com.alipay.sofa.common.dal.dai.NewsManageDao.
2019-12-11 21:38:59,407 INFO  sofa-module-start-com.alipay.sofa.sample.standard.biz.shared - Registering component: service:com.alipay.sofa.facade.NewsReadService
2019-12-11 21:38:59,408 INFO  sofa-module-start-com.alipay.sofa.sample.standard.biz.shared -  <<PreOut Binding [jvm] Begins - com.alipay.sofa.facade.NewsReadService.
2019-12-11 21:38:59,408 INFO  sofa-module-start-com.alipay.sofa.sample.standard.biz.shared -  <<PreOut Binding [jvm] Ends - com.alipay.sofa.facade.NewsReadService.
2019-12-11 21:38:59,408 INFO  sofa-module-start-com.alipay.sofa.sample.standard.biz.shared -  <<Out Binding [jvm] Begins - com.alipay.sofa.facade.NewsReadService.
2019-12-11 21:38:59,408 INFO  sofa-module-start-com.alipay.sofa.sample.standard.biz.shared -  <<Out Binding [jvm] Ends - com.alipay.sofa.facade.NewsReadService.
2019-12-11 21:38:59,408 INFO  sofa-module-start-com.alipay.sofa.sample.standard.biz.shared - Register Service - com.alipay.sofa.facade.NewsReadService
2019-12-11 21:38:59,683 INFO  sofa-module-start-sofaboot-sample-standard-common-dal - Registering component: service:javax.sql.DataSource
2019-12-11 21:38:59,683 INFO  sofa-module-start-sofaboot-sample-standard-common-dal -  <<PreOut Binding [jvm] Begins - javax.sql.DataSource.
2019-12-11 21:38:59,683 INFO  sofa-module-start-sofaboot-sample-standard-common-dal -  <<PreOut Binding [jvm] Ends - javax.sql.DataSource.
2019-12-11 21:38:59,683 INFO  sofa-module-start-sofaboot-sample-standard-common-dal -  <<Out Binding [jvm] Begins - javax.sql.DataSource.
2019-12-11 21:38:59,683 INFO  sofa-module-start-sofaboot-sample-standard-common-dal -  <<Out Binding [jvm] Ends - javax.sql.DataSource.
2019-12-11 21:38:59,683 INFO  sofa-module-start-sofaboot-sample-standard-common-dal - Register Service - javax.sql.DataSource
2019-12-11 21:38:59,686 INFO  sofa-module-start-sofaboot-sample-standard-common-dal - Registering component: service:com.alipay.sofa.common.dal.dai.NewsManageDao
2019-12-11 21:38:59,686 INFO  sofa-module-start-sofaboot-sample-standard-common-dal -  <<PreOut Binding [jvm] Begins - com.alipay.sofa.common.dal.dai.NewsManageDao.
2019-12-11 21:38:59,686 INFO  sofa-module-start-sofaboot-sample-standard-common-dal -  <<PreOut Binding [jvm] Ends - com.alipay.sofa.common.dal.dai.NewsManageDao.
2019-12-11 21:38:59,687 INFO  sofa-module-start-sofaboot-sample-standard-common-dal -  <<Out Binding [jvm] Begins - com.alipay.sofa.common.dal.dai.NewsManageDao.
2019-12-11 21:38:59,687 INFO  sofa-module-start-sofaboot-sample-standard-common-dal -  <<Out Binding [jvm] Ends - com.alipay.sofa.common.dal.dai.NewsManageDao.
2019-12-11 21:38:59,687 INFO  sofa-module-start-sofaboot-sample-standard-common-dal - Register Service - com.alipay.sofa.common.dal.dai.NewsManageDao
2019-12-11 21:38:59,690 INFO  sofa-module-start-sofaboot-sample-standard-biz-service-impl - Begin refresh Spring Application Context of module sofaboot-sample-standard-biz-service-impl of application sofaboot-sample-standard.
2019-12-11 21:38:59,703 INFO  sofa-module-start-sofaboot-sample-standard-biz-service-impl - Registering component: service:com.alipay.sofa.facade.NewsWriteService
2019-12-11 21:38:59,703 INFO  sofa-module-start-sofaboot-sample-standard-biz-service-impl -  <<PreOut Binding [jvm] Begins - com.alipay.sofa.facade.NewsWriteService.
2019-12-11 21:38:59,703 INFO  sofa-module-start-sofaboot-sample-standard-biz-service-impl -  <<PreOut Binding [jvm] Ends - com.alipay.sofa.facade.NewsWriteService.
2019-12-11 21:38:59,703 INFO  sofa-module-start-sofaboot-sample-standard-biz-service-impl -  <<Out Binding [jvm] Begins - com.alipay.sofa.facade.NewsWriteService.
2019-12-11 21:38:59,703 INFO  sofa-module-start-sofaboot-sample-standard-biz-service-impl -  <<Out Binding [jvm] Ends - com.alipay.sofa.facade.NewsWriteService.
2019-12-11 21:38:59,703 INFO  sofa-module-start-sofaboot-sample-standard-biz-service-impl - Register Service - com.alipay.sofa.facade.NewsWriteService
2019-12-11 21:38:59,704 INFO  main                             - ++++++++++++++++++ SpringContextInstallStage of sofaboot-sample-standard End +++++++++++++++++
2019-12-11 21:38:59,704 INFO  main                             - ++++++++++++++++++ ModuleLogOutputStage of sofaboot-sample-standard Start +++++++++++++++++
2019-12-11 21:38:59,705 INFO  main                             - 
Spring context initialize success module list(3) >>>>>>> [totalTime = 398 ms, realTime = 345 ms]
  ├─ com.alipay.sofa.sample.standard.biz.shared [54 ms]
  │    `---/Users/zhaolongze/IdeaProjects/sofaboot-sample-standard/app/biz/shared/target/classes/META-INF/spring/biz-shared-service.xml
  ├─ sofaboot-sample-standard-common-dal [330 ms]
  │    `---/Users/zhaolongze/IdeaProjects/sofaboot-sample-standard/app/common/dal/target/classes/META-INF/spring/common-dal.xml
  └─ sofaboot-sample-standard-biz-service-impl [14 ms]
       `---/Users/zhaolongze/IdeaProjects/sofaboot-sample-standard/app/biz/service-impl/target/classes/META-INF/spring/biz-service-impl.xml

Spring context initialize failed module list(0) >>>>>>>

Spring bean load time cost list(3) >>>>>>> [totalTime = 398 ms, realTime = 345 ms]
  ├─ com.alipay.sofa.sample.standard.biz.shared [54 ms]
  ├─ sofaboot-sample-standard-common-dal [330 ms]
  │    `---com.zaxxer.hikari.HikariDataSource (simpleDataSource)	[288 ms]
  └─ sofaboot-sample-standard-biz-service-impl [14 ms]

2019-12-11 21:38:59,705 INFO  main                             - ++++++++++++++++++ ModuleLogOutputStage of sofaboot-sample-standard End +++++++++++++++++
